🎬 영상 생성 시작 — 배경: background.png, 음원: 하늘과바람과별과시_전집_0611_1903.wav  [frames-only]
  ✅ [01] 서시 — 1페이지
  ✅ [02] 자화상 — 2페이지
  ✅ [03] 소년 — 1페이지
  ✅ [04] 눈오는 지도 — 1페이지
  ✅ [05] 돌아와 보는 밤 — 1페이지
  ✅ [06] 병원 — 2페이지
  ✅ [07] 새로운 길 — 2페이지
  ✅ [08] 간판없는 거리 — 3페이지
  ✅ [09] 태초의 아침 — 2페이지
  ✅ [10] 또 태초의 아침 — 2페이지
  ✅ [11] 새벽이 올때까지 — 2페이지
  ✅ [12] 무서운 시간 — 2페이지
  ✅ [13] 십자가 — 3페이지
  ✅ [14] 바람이 불어 — 2페이지
  ✅ [15] 슬픈 족속 — 1페이지
  ✅ [16] 눈감고 간다 — 2페이지
  ✅ [17] 또 다른 고향 — 3페이지
  ✅ [18] 길 — 3페이지
  ✅ [19] 별헤는 밤 — 5페이지
  ✅ [20] 흰 그림자 — 3페이지
  ✅ [21] 사랑스런 추억 — 3페이지
  ✅ [22] 흐르는 거리 — 2페이지
     ⚠️ line wav 매핑 실패 → 4페이지 균등 분할
  ✅ [23] 쉽게 씌어진 시 — 4페이지
  ✅ [24] 봄 — 2페이지
  ✅ [25] 참회록 — 3페이지
  ✅ [26] 간 — 2페이지
  ✅ [27] 위로 — 1페이지
  ✅ [28] 팔복 — 2페이지
  ✅ [29] 못자는 밤 — 1페이지
  ✅ [30] 달같이 — 1페이지
  ✅ [31] 고추밭 — 1페이지
  ✅ [32] 아우의 인상화 — 2페이지
  ✅ [33] 사랑의 전당 — 3페이지
  ✅ [34] 이적 — 2페이지
  ✅ [35] 비오는 밤 — 2페이지
  ✅ [36] 산골물 — 1페이지
  ✅ [37] 유언 — 2페이지
  ✅ [38] 창 — 2페이지
  ✅ [39] 바다 — 3페이지
  ✅ [40] 비로봉 — 2페이지
  ✅ [41] 산협의 오후 — 1페이지
  ✅ [42] 명상 — 1페이지
  ✅ [43] 소낙비 — 2페이지
  ✅ [44] 한난계 — 3페이지
     ⚠️ line wav 매핑 실패 → 2페이지 균등 분할
  ✅ [45] 풍경 — 2페이지
  ✅ [46] 달밤 — 1페이지
  ✅ [47] 장 — 2페이지
  ✅ [48] 밤 — 2페이지
  ✅ [49] 황혼이 바다가 되어 — 2페이지
  ✅ [50] 아침 — 2페이지
  ✅ [51] 빨래 — 1페이지
  ✅ [52] 꿈은 깨어지고 — 3페이지
  ✅ [53] 산림 — 2페이지
  ✅ [54] 이런날 — 2페이지
  ✅ [55] 산상 — 2페이지
  ✅ [56] 양지쪽 — 2페이지
  ✅ [57] 닭 — 2페이지
  ✅ [58] 가슴 I — 1페이지
  ✅ [59] 가슴 II — 1페이지
  ✅ [60] 비둘기 — 1페이지
  ✅ [61] 황혼 — 1페이지
  ✅ [62] 남쪽 하늘 — 1페이지
  ✅ [63] 창공 — 2페이지
  ✅ [64] 거리에서 — 2페이지
  ✅ [65] 삶과 죽음 — 2페이지
  ✅ [66] 초 한대 — 2페이지
  ✅ [67] 산울림 — 1페이지
  ✅ [68] 해바라기 얼굴 — 1페이지
  ✅ [69] 귀뜨라미와 나와 — 2페이지
  ✅ [70] 애기의 새벽 — 2페이지
  ✅ [71] 햇빛·바람 — 2페이지
  ✅ [72] 반디불 — 2페이지
  ✅ [73] 둘 다 — 2페이지
  ✅ [74] 거짓부리 — 2페이지
  ✅ [75] 눈 — 1페이지
  ✅ [76] 참새 — 1페이지
  ✅ [77] 버선본 — 2페이지
  ✅ [78] 편지 — 2페이지
  ✅ [79] 봄 — 2페이지
  ✅ [80] 무얼 먹고 사나 — 1페이지
  ✅ [81] 굴뚝 — 1페이지
  ✅ [82] 햇비 — 2페이지
  ✅ [83] 빗자루 — 2페이지
  ✅ [84] 기왓장 내외 — 1페이지
  ✅ [85] 오줌싸개 지도 — 1페이지
  ✅ [86] 병아리 — 2페이지
  ✅ [87] 조개껍질 — 2페이지
  ✅ [88] 겨울 — 1페이지
  ✅ [89] 트루게네프의 언덕 — 3페이지
  ✅ [90] 달을 쏘다 — 3페이지
  ✅ [91] 별똥 떨어진데 — 3페이지
  ✅ [92] 화원에 꽃이 핀다 — 3페이지
  ✅ [93] 종시 — 3페이지

🖼️ 프레임만 생성 완료 — 179장 → output/윤동주/video/frames
